0 info it worked if it ends with ok
1 verbose cli [ 'node',
1 verbose cli   '/usr/local/bin/npm',
1 verbose cli   'install',
1 verbose cli   '-g',
1 verbose cli   'ionic',
1 verbose cli   'to',
1 verbose cli   'update' ]
2 info using npm@1.4.28
3 info using node@v0.10.33
4 verbose cache add [ 'ionic', null ]
5 verbose cache add name=undefined spec="ionic" args=["ionic",null]
6 verbose parsed url { protocol: null,
6 verbose parsed url   slashes: null,
6 verbose parsed url   auth: null,
6 verbose parsed url   host: null,
6 verbose parsed url   port: null,
6 verbose parsed url   hostname: null,
6 verbose parsed url   hash: null,
6 verbose parsed url   search: null,
6 verbose parsed url   query: null,
6 verbose parsed url   pathname: 'ionic',
6 verbose parsed url   path: 'ionic',
6 verbose parsed url   href: 'ionic' }
7 verbose cache add [ 'to', null ]
8 verbose cache add name=undefined spec="to" args=["to",null]
9 verbose parsed url { protocol: null,
9 verbose parsed url   slashes: null,
9 verbose parsed url   auth: null,
9 verbose parsed url   host: null,
9 verbose parsed url   port: null,
9 verbose parsed url   hostname: null,
9 verbose parsed url   hash: null,
9 verbose parsed url   search: null,
9 verbose parsed url   query: null,
9 verbose parsed url   pathname: 'to',
9 verbose parsed url   path: 'to',
9 verbose parsed url   href: 'to' }
10 verbose cache add [ 'update', null ]
11 verbose cache add name=undefined spec="update" args=["update",null]
12 verbose parsed url { protocol: null,
12 verbose parsed url   slashes: null,
12 verbose parsed url   auth: null,
12 verbose parsed url   host: null,
12 verbose parsed url   port: null,
12 verbose parsed url   hostname: null,
12 verbose parsed url   hash: null,
12 verbose parsed url   search: null,
12 verbose parsed url   query: null,
12 verbose parsed url   pathname: 'update',
12 verbose parsed url   path: 'update',
12 verbose parsed url   href: 'update' }
13 silly lockFile 00d10074-ionic ionic
14 verbose lock ionic /Users/christianm/.npm/00d10074-ionic.lock
15 silly lockFile 4374aaee-to to
16 verbose lock to /Users/christianm/.npm/4374aaee-to.lock
17 silly lockFile 0a25ba59-update update
18 verbose lock update /Users/christianm/.npm/0a25ba59-update.lock
19 silly lockFile 00d10074-ionic ionic
20 silly lockFile 00d10074-ionic ionic
21 silly lockFile 4374aaee-to to
22 silly lockFile 4374aaee-to to
23 verbose addNamed [ 'ionic', '' ]
24 verbose addNamed [ null, '*' ]
25 silly lockFile 966fc04a-ionic ionic@
26 verbose lock ionic@ /Users/christianm/.npm/966fc04a-ionic.lock
27 silly lockFile 0a25ba59-update update
28 silly lockFile 0a25ba59-update update
29 verbose addNamed [ 'to', '' ]
30 verbose addNamed [ null, '*' ]
31 silly lockFile d4731923-to to@
32 verbose lock to@ /Users/christianm/.npm/d4731923-to.lock
33 silly addNameRange { name: 'ionic', range: '*', hasData: false }
34 verbose addNamed [ 'update', '' ]
35 verbose addNamed [ null, '*' ]
36 silly lockFile f8258749-update update@
37 verbose lock update@ /Users/christianm/.npm/f8258749-update.lock
38 silly addNameRange { name: 'to', range: '*', hasData: false }
39 silly addNameRange { name: 'update', range: '*', hasData: false }
40 verbose request where is /to
41 verbose request registry https://registry.npmjs.org/
42 verbose request id dc4c334b9525aa26
43 verbose url raw /to
44 verbose url resolving [ 'https://registry.npmjs.org/', './to' ]
45 verbose url resolved https://registry.npmjs.org/to
46 verbose request where is https://registry.npmjs.org/to
47 info trying registry request attempt 1 at 08:41:23
48 http GET https://registry.npmjs.org/to
49 verbose request where is /update
50 verbose request registry https://registry.npmjs.org/
51 verbose url raw /update
52 verbose url resolving [ 'https://registry.npmjs.org/', './update' ]
53 verbose url resolved https://registry.npmjs.org/update
54 verbose request where is https://registry.npmjs.org/update
55 info trying registry request attempt 1 at 08:41:23
56 http GET https://registry.npmjs.org/update
57 verbose request where is /ionic
58 verbose request registry https://registry.npmjs.org/
59 verbose url raw /ionic
60 verbose url resolving [ 'https://registry.npmjs.org/', './ionic' ]
61 verbose url resolved https://registry.npmjs.org/ionic
62 verbose request where is https://registry.npmjs.org/ionic
63 info trying registry request attempt 1 at 08:41:23
64 verbose etag "O5HUGTI77F5XZ5HSJEMAH7OW"
65 http GET https://registry.npmjs.org/ionic
66 http 200 https://registry.npmjs.org/update
67 silly registry.get cb [ 200,
67 silly registry.get   { server: 'CouchDB/1.5.0 (Erlang OTP/R16B03)',
67 silly registry.get     etag: '"7Y8DBB3ASI3QFID32Q0E2UKZL"',
67 silly registry.get     'content-type': 'application/json',
67 silly registry.get     'cache-control': 'max-age=60',
67 silly registry.get     'content-length': '18036',
67 silly registry.get     'accept-ranges': 'bytes',
67 silly registry.get     date: 'Mon, 03 Aug 2015 14:41:24 GMT',
67 silly registry.get     via: '1.1 varnish',
67 silly registry.get     age: '0',
67 silly registry.get     connection: 'keep-alive',
67 silly registry.get     'x-served-by': 'cache-ord1721-ORD',
67 silly registry.get     'x-cache': 'MISS',
67 silly registry.get     'x-cache-hits': '0',
67 silly registry.get     'x-timer': 'S1438612883.973335,VS0,VE74',
67 silly registry.get     vary: 'Accept' } ]
68 silly addNameRange number 2 { name: 'update', range: '*', hasData: true }
69 silly addNameRange versions [ 'update',
69 silly addNameRange   [ '0.1.0',
69 silly addNameRange     '0.2.0',
69 silly addNameRange     '0.3.0-beta',
69 silly addNameRange     '0.3.1-beta',
69 silly addNameRange     '0.3.2-beta',
69 silly addNameRange     '0.3.3-beta',
69 silly addNameRange     '0.3.3',
69 silly addNameRange     '0.3.5',
69 silly addNameRange     '0.3.6' ] ]
70 verbose addNamed [ 'update', '0.3.6' ]
71 verbose addNamed [ '0.3.6', '0.3.6' ]
72 silly lockFile 03d883a6-update-0-3-6 update@0.3.6
73 verbose lock update@0.3.6 /Users/christianm/.npm/03d883a6-update-0-3-6.lock
74 silly lockFile 2ca92941-pmjs-org-update-update-0-3-6-tgz https://registry.npmjs.org/update/-/update-0.3.6.tgz
75 verbose lock https://registry.npmjs.org/update/-/update-0.3.6.tgz /Users/christianm/.npm/2ca92941-pmjs-org-update-update-0-3-6-tgz.lock
76 verbose addRemoteTarball [ 'https://registry.npmjs.org/update/-/update-0.3.6.tgz',
76 verbose addRemoteTarball   '11bcae2d5fe3413a5dd0910f424d6310e50c99e8' ]
77 info retry fetch attempt 1 at 08:41:24
78 verbose fetch to= /var/folders/t4/1xmcxgvj2fq6x82w58zl1ccc0020pg/T/npm-76957-ShjWbjqk/registry.npmjs.org/update/-/update-0.3.6.tgz
79 http GET https://registry.npmjs.org/update/-/update-0.3.6.tgz
80 http 200 https://registry.npmjs.org/to
81 silly registry.get cb [ 200,
81 silly registry.get   { server: 'CouchDB/1.5.0 (Erlang OTP/R16B03)',
81 silly registry.get     etag: '"CKRPTOP8WQE017SCON880300O"',
81 silly registry.get     'content-type': 'application/json',
81 silly registry.get     'cache-control': 'max-age=60',
81 silly registry.get     'content-length': '37252',
81 silly registry.get     'accept-ranges': 'bytes',
81 silly registry.get     date: 'Mon, 03 Aug 2015 14:41:24 GMT',
81 silly registry.get     via: '1.1 varnish',
81 silly registry.get     age: '0',
81 silly registry.get     connection: 'keep-alive',
81 silly registry.get     'x-served-by': 'cache-ord1733-ORD',
81 silly registry.get     'x-cache': 'HIT',
81 silly registry.get     'x-cache-hits': '1',
81 silly registry.get     'x-timer': 'S1438612883.974948,VS0,VE61',
81 silly registry.get     vary: 'Accept' } ]
82 silly addNameRange number 2 { name: 'to', range: '*', hasData: true }
83 silly addNameRange versions [ 'to',
83 silly addNameRange   [ '0.0.1',
83 silly addNameRange     '0.0.2',
83 silly addNameRange     '0.0.3',
83 silly addNameRange     '0.1.0',
83 silly addNameRange     '0.1.1',
83 silly addNameRange     '0.1.2',
83 silly addNameRange     '0.2.0',
83 silly addNameRange     '0.2.1',
83 silly addNameRange     '0.2.2',
83 silly addNameRange     '0.2.3',
83 silly addNameRange     '0.2.4',
83 silly addNameRange     '0.2.5',
83 silly addNameRange     '0.2.6',
83 silly addNameRange     '0.2.7',
83 silly addNameRange     '0.2.8',
83 silly addNameRange     '0.2.9' ] ]
84 verbose addNamed [ 'to', '0.2.9' ]
85 verbose addNamed [ '0.2.9', '0.2.9' ]
86 silly lockFile 2515bbf0-to-0-2-9 to@0.2.9
87 verbose lock to@0.2.9 /Users/christianm/.npm/2515bbf0-to-0-2-9.lock
88 silly lockFile a65d4fc2-gistry-npmjs-org-to-to-0-2-9-tgz https://registry.npmjs.org/to/-/to-0.2.9.tgz
89 verbose lock https://registry.npmjs.org/to/-/to-0.2.9.tgz /Users/christianm/.npm/a65d4fc2-gistry-npmjs-org-to-to-0-2-9-tgz.lock
90 verbose addRemoteTarball [ 'https://registry.npmjs.org/to/-/to-0.2.9.tgz',
90 verbose addRemoteTarball   '0ba5a56fe53538db9205ceb6d7ed217aae4635c4' ]
91 info retry fetch attempt 1 at 08:41:24
92 verbose fetch to= /var/folders/t4/1xmcxgvj2fq6x82w58zl1ccc0020pg/T/npm-76957-ShjWbjqk/registry.npmjs.org/to/-/to-0.2.9.tgz
93 http GET https://registry.npmjs.org/to/-/to-0.2.9.tgz
94 http 200 https://registry.npmjs.org/update/-/update-0.3.6.tgz
95 silly lockFile 2ca92941-pmjs-org-update-update-0-3-6-tgz https://registry.npmjs.org/update/-/update-0.3.6.tgz
96 silly lockFile 2ca92941-pmjs-org-update-update-0-3-6-tgz https://registry.npmjs.org/update/-/update-0.3.6.tgz
97 silly lockFile 03d883a6-update-0-3-6 update@0.3.6
98 silly lockFile 03d883a6-update-0-3-6 update@0.3.6
99 silly lockFile f8258749-update update@
100 silly lockFile f8258749-update update@
101 http 200 https://registry.npmjs.org/to/-/to-0.2.9.tgz
102 silly lockFile a65d4fc2-gistry-npmjs-org-to-to-0-2-9-tgz https://registry.npmjs.org/to/-/to-0.2.9.tgz
103 silly lockFile a65d4fc2-gistry-npmjs-org-to-to-0-2-9-tgz https://registry.npmjs.org/to/-/to-0.2.9.tgz
104 silly lockFile 2515bbf0-to-0-2-9 to@0.2.9
105 silly lockFile 2515bbf0-to-0-2-9 to@0.2.9
106 silly lockFile d4731923-to to@
107 silly lockFile d4731923-to to@
108 http 200 https://registry.npmjs.org/ionic
109 silly registry.get cb [ 200,
109 silly registry.get   { server: 'CouchDB/1.5.0 (Erlang OTP/R16B03)',
109 silly registry.get     etag: '"2X7IJ1GV5B1G6UHT8DRQI867W"',
109 silly registry.get     'content-type': 'application/json',
109 silly registry.get     'cache-control': 'max-age=60',
109 silly registry.get     'content-length': '468183',
109 silly registry.get     'accept-ranges': 'bytes',
109 silly registry.get     date: 'Mon, 03 Aug 2015 14:41:24 GMT',
109 silly registry.get     via: '1.1 varnish',
109 silly registry.get     age: '0',
109 silly registry.get     connection: 'keep-alive',
109 silly registry.get     'x-served-by': 'cache-ord1723-ORD',
109 silly registry.get     'x-cache': 'HIT',
109 silly registry.get     'x-cache-hits': '1',
109 silly registry.get     'x-timer': 'S1438612883.971483,VS0,VE40',
109 silly registry.get     vary: 'Accept' } ]
110 silly addNameRange number 2 { name: 'ionic', range: '*', hasData: true }
111 silly addNameRange versions [ 'ionic',
111 silly addNameRange   [ '0.9.6',
111 silly addNameRange     '0.9.8',
111 silly addNameRange     '0.9.9',
111 silly addNameRange     '0.9.10',
111 silly addNameRange     '0.9.11',
111 silly addNameRange     '0.9.12',
111 silly addNameRange     '0.9.13',
111 silly addNameRange     '0.9.14',
111 silly addNameRange     '0.9.15',
111 silly addNameRange     '0.9.16',
111 silly addNameRange     '1.0.0-beta.1',
111 silly addNameRange     '1.0.0-beta',
111 silly addNameRange     '1.0.1-beta',
111 silly addNameRange     '1.0.3-beta',
111 silly addNameRange     '1.0.4',
111 silly addNameRange     '1.0.5',
111 silly addNameRange     '1.0.6',
111 silly addNameRange     '1.0.7',
111 silly addNameRange     '1.0.8',
111 silly addNameRange     '1.0.9',
111 silly addNameRange     '1.0.10',
111 silly addNameRange     '1.0.11',
111 silly addNameRange     '1.0.12',
111 silly addNameRange     '1.0.13',
111 silly addNameRange     '1.0.14',
111 silly addNameRange     '1.0.15',
111 silly addNameRange     '1.0.16',
111 silly addNameRange     '1.0.17',
111 silly addNameRange     '1.1.0-beta1',
111 silly addNameRange     '1.1.0-beta2',
111 silly addNameRange     '1.1.0-beta3',
111 silly addNameRange     '1.1.0-beta4',
111 silly addNameRange     '1.1.0-beta5',
111 silly addNameRange     '1.1.0-beta6',
111 silly addNameRange     '1.1.0',
111 silly addNameRange     '1.1.1-beta1',
111 silly addNameRange     '1.1.1-beta2',
111 silly addNameRange     '1.1.1-beta3',
111 silly addNameRange     '1.1.1',
111 silly addNameRange     '1.1.3',
111 silly addNameRange     '1.1.4',
111 silly addNameRange     '1.1.5-beta1',
111 silly addNameRange     '1.1.5-beta2',
111 silly addNameRange     '1.1.5-beta3',
111 silly addNameRange     '1.1.5-beta4',
111 silly addNameRange     '1.1.5-beta5',
111 silly addNameRange     '1.1.5',
111 silly addNameRange     '1.1.6',
111 silly addNameRange     '1.1.7-beta1',
111 silly addNameRange     '1.1.7',
111 silly addNameRange     '1.1.8-beta1',
111 silly addNameRange     '1.1.8-beta2',
111 silly addNameRange     '1.1.8-beta3',
111 silly addNameRange     '1.1.8-beta4',
111 silly addNameRange     '1.1.8-beta5',
111 silly addNameRange     '1.1.8',
111 silly addNameRange     '1.1.9-beta1',
111 silly addNameRange     '1.1.9',
111 silly addNameRange     '1.1.10',
111 silly addNameRange     '1.1.11-beta1',
111 silly addNameRange     '1.1.11-beta2',
111 silly addNameRange     '1.1.11',
111 silly addNameRange     '1.1.12-beta1',
111 silly addNameRange     '1.1.12-beta2',
111 silly addNameRange     '1.1.12-beta3',
111 silly addNameRange     '1.1.12',
111 silly addNameRange     '1.1.13',
111 silly addNameRange     '1.1.14-beta1',
111 silly addNameRange     '1.1.14-beta2',
111 silly addNameRange     '1.1.14-beta3',
111 silly addNameRange     '1.2.0-beta1',
111 silly addNameRange     '1.2.0',
111 silly addNameRange     '1.2.1-beta1',
111 silly addNameRange     '1.2.1-beta2',
111 silly addNameRange     '1.2.1-beta3',
111 silly addNameRange     '1.2.1-beta4',
111 silly addNameRange     '1.2.1',
111 silly addNameRange     '1.2.2',
111 silly addNameRange     '1.2.3-beta1',
111 silly addNameRange     '1.2.3-beta2',
111 silly addNameRange     '1.2.3-beta3',
111 silly addNameRange     '1.2.3',
111 silly addNameRange     '1.2.4-beta1',
111 silly addNameRange     '1.2.4-beta2',
111 silly addNameRange     '1.2.4-beta3',
111 silly addNameRange     '1.2.4',
111 silly addNameRange     '1.2.5-beta1',
111 silly addNameRange     '1.2.5-beta2',
111 silly addNameRange     '1.2.5-beta3',
111 silly addNameRange     '1.2.5',
111 silly addNameRange     '1.2.6-beta1',
111 silly addNameRange     '1.2.6-beta2',
111 silly addNameRange     '1.2.6-beta3',
111 silly addNameRange     '1.2.6',
111 silly addNameRange     '1.2.7',
111 silly addNameRange     '1.2.8-beta1',
111 silly addNameRange     '1.2.8-beta2',
111 silly addNameRange     '1.2.8',
111 silly addNameRange     '1.2.9',
111 silly addNameRange     '1.2.10',
111 silly addNameRange     '1.2.11',
111 silly addNameRange     '1.2.12',
111 silly addNameRange     '1.2.13',
111 silly addNameRange     '1.2.14-beta1',
111 silly addNameRange     '1.2.14-beta2',
111 silly addNameRange     '1.2.14-beta3',
111 silly addNameRange     '1.2.14-beta4',
111 silly addNameRange     '1.2.14-beta5',
111 silly addNameRange     '1.2.14-beta6',
111 silly addNameRange     '1.2.14',
111 silly addNameRange     '1.3.0-beta1',
111 silly addNameRange     '1.3.0',
111 silly addNameRange     '1.3.1',
111 silly addNameRange     '1.3.2',
111 silly addNameRange     '1.3.3',
111 silly addNameRange     '1.3.4',
111 silly addNameRange     '1.3.5',
111 silly addNameRange     '1.3.6',
111 silly addNameRange     '1.3.7',
111 silly addNameRange     '1.3.8',
111 silly addNameRange     '1.3.9',
111 silly addNameRange     '1.3.10',
111 silly addNameRange     '1.4.0-alpha.1',
111 silly addNameRange     '1.3.11',
111 silly addNameRange     '1.3.1-1.alpha.0',
111 silly addNameRange     '1.4.0-alpha.2',
111 silly addNameRange     '1.3.12',
111 silly addNameRange     '1.3.12-beta.1',
111 silly addNameRange     '1.3.12-beta.2',
111 silly addNameRange     '1.3.13-beta.0',
111 silly addNameRange     '1.3.1-3.beta.1',
111 silly addNameRange     '1.3.1-3.beta.2',
111 silly addNameRange     '1.3.13',
111 silly addNameRange     '1.3.1-3.beta.4',
111 silly addNameRange     '1.3.14-beta',
111 silly addNameRange     '1.3.14-beta.1',
111 silly addNameRange     '1.4.0-alpha.3',
111 silly addNameRange     '1.3.14',
111 silly addNameRange     '1.4.0-alpha.4',
111 silly addNameRange     '1.4.0-alpha.5',
111 silly addNameRange     '1.3.15-beta.0',
111 silly addNameRange     '1.3.15-beta.1',
111 silly addNameRange     '1.3.15-beta.2',
111 silly addNameRange     '1.3.15-beta.3',
111 silly addNameRange     '1.3.15-beta.4',
111 silly addNameRange     '1.3.15',
111 silly addNameRange     '1.3.16',
111 silly addNameRange     '1.4.0-alpha.6',
111 silly addNameRange     '1.3.17-beta.0',
111 silly addNameRange     '1.3.17-beta.1',
111 silly addNameRange     '1.3.17-beta.2',
111 silly addNameRange     '1.3.17-beta.3',
111 silly addNameRange     '1.3.1-7.beta.4',
111 silly addNameRange     '1.3.17',
111 silly addNameRange     '1.3.18-beta.0',
111 silly addNameRange     '1.3.18-beta.1',
111 silly addNameRange     '1.3.18-beta.2',
111 silly addNameRange     '1.3.18-beta.3',
111 silly addNameRange     '1.3.18',
111 silly addNameRange     '1.3.19-beta.0',
111 silly addNameRange     '1.3.19-beta.1',
111 silly addNameRange     '1.3.19-beta.2',
111 silly addNameRange     '1.3.19-beta.3',
111 silly addNameRange     '1.3.19-beta.4',
111 silly addNameRange     '1.3.19',
111 silly addNameRange     '1.3.20',
111 silly addNameRange     '1.4.1-beta.0',
111 silly addNameRange     '1.4.0-beta.1',
111 silly addNameRange     '1.4.0-beta.2',
111 silly addNameRange     '1.4.0-beta.3',
111 silly addNameRange     '1.4.0-beta.5',
111 silly addNameRange     '1.4.0-beta.6',
111 silly addNameRange     '1.4.0-beta.7',
111 silly addNameRange     '1.3.21-beta.0',
111 silly addNameRange     '1.3.21-beta.1',
111 silly addNameRange     '1.3.21',
111 silly addNameRange     '1.3.22',
111 silly addNameRange     '1.4.0-beta.8',
111 silly addNameRange     '1.4.0-beta.9',
111 silly addNameRange     '1.4.0-beta.10',
111 silly addNameRange     '1.4.0-beta.11',
111 silly addNameRange     '1.4.0-beta.12',
111 silly addNameRange     '1.4.0-beta.13',
111 silly addNameRange     '1.4.0-beta.14',
111 silly addNameRange     '1.4.0-beta.15',
111 silly addNameRange     '1.4.0-beta.16',
111 silly addNameRange     '1.4.0-beta.17',
111 silly addNameRange     '1.4.0-beta.18',
111 silly addNameRange     '1.4.0',
111 silly addNameRange     '1.4.1',
111 silly addNameRange     '1.4.2',
111 silly addNameRange     '1.4.3',
111 silly addNameRange     '1.4.4-beta.0',
111 silly addNameRange     '1.4.4-beta.2',
111 silly addNameRange     '1.4.4',
111 silly addNameRange     '1.4.5-beta.0',
111 silly addNameRange     '1.4.5-beta.1',
111 silly addNameRange     '1.4.5-beta.2',
111 silly addNameRange     '1.4.5-beta.3',
111 silly addNameRange     '1.4.5',
111 silly addNameRange     '1.4.6-beta.0',
111 silly addNameRange     '1.4.6',
111 silly addNameRange     '1.4.7',
111 silly addNameRange     '1.4.8',
111 silly addNameRange     '1.5.0-beta.0',
111 silly addNameRange     '1.5.0-beta.1',
111 silly addNameRange     '1.5.0',
111 silly addNameRange     '1.5.1-beta.0',
111 silly addNameRange     '1.5.1-beta.1',
111 silly addNameRange     '1.5.1-beta.2',
111 silly addNameRange     '1.5.1-beta.3',
111 silly addNameRange     '1.5.1-beta.4',
111 silly addNameRange     '1.5.1',
111 silly addNameRange     '1.5.2',
111 silly addNameRange     '1.5.3',
111 silly addNameRange     '1.5.4',
111 silly addNameRange     '1.5.5',
111 silly addNameRange     '1.6.0-beta.1',
111 silly addNameRange     '1.6.0',
111 silly addNameRange     '1.6.1',
111 silly addNameRange     '1.6.2-beta.0',
111 silly addNameRange     '1.6.2-beta.1',
111 silly addNameRange     '1.6.2-beta.2',
111 silly addNameRange     '1.6.2',
111 silly addNameRange     '1.6.3-beta.0',
111 silly addNameRange     '1.6.3-beta.1',
111 silly addNameRange     '1.6.3',
111 silly addNameRange     '1.6.4-beta.0',
111 silly addNameRange     '1.6.4-beta.1',
111 silly addNameRange     '1.6.4' ] ]
112 verbose addNamed [ 'ionic', '1.6.4' ]
113 verbose addNamed [ '1.6.4', '1.6.4' ]
114 silly lockFile 6a2ff0ca-ionic-1-6-4 ionic@1.6.4
115 verbose lock ionic@1.6.4 /Users/christianm/.npm/6a2ff0ca-ionic-1-6-4.lock
116 silly lockFile 9778ecc1--npmjs-org-ionic-ionic-1-6-4-tgz https://registry.npmjs.org/ionic/-/ionic-1.6.4.tgz
117 verbose lock https://registry.npmjs.org/ionic/-/ionic-1.6.4.tgz /Users/christianm/.npm/9778ecc1--npmjs-org-ionic-ionic-1-6-4-tgz.lock
118 verbose addRemoteTarball [ 'https://registry.npmjs.org/ionic/-/ionic-1.6.4.tgz',
118 verbose addRemoteTarball   '2c0cd94c4316cab206796e44fe67565bf4b883a0' ]
119 info retry fetch attempt 1 at 08:41:24
120 verbose fetch to= /var/folders/t4/1xmcxgvj2fq6x82w58zl1ccc0020pg/T/npm-76957-ShjWbjqk/registry.npmjs.org/ionic/-/ionic-1.6.4.tgz
121 http GET https://registry.npmjs.org/ionic/-/ionic-1.6.4.tgz
122 http 200 https://registry.npmjs.org/ionic/-/ionic-1.6.4.tgz
123 silly lockFile 9778ecc1--npmjs-org-ionic-ionic-1-6-4-tgz https://registry.npmjs.org/ionic/-/ionic-1.6.4.tgz
124 silly lockFile 9778ecc1--npmjs-org-ionic-ionic-1-6-4-tgz https://registry.npmjs.org/ionic/-/ionic-1.6.4.tgz
125 silly lockFile 6a2ff0ca-ionic-1-6-4 ionic@1.6.4
126 silly lockFile 6a2ff0ca-ionic-1-6-4 ionic@1.6.4
127 silly lockFile 966fc04a-ionic ionic@
128 silly lockFile 966fc04a-ionic ionic@
129 silly resolved [ { name: 'update',
129 silly resolved     description: 'Update the year in all files in a project using glob patterns.',
129 silly resolved     version: '0.3.6',
129 silly resolved     homepage: 'https://github.com/jonschlinkert/update',
129 silly resolved     author:
129 silly resolved      { name: 'Jon Schlinkert',
129 silly resolved        url: 'https://github.com/jonschlinkert' },
129 silly resolved     repository: { type: 'git', url: 'https://github.com/jonschlinkert/update' },
129 silly resolved     bugs: { url: 'https://github.com/jonschlinkert/update/issues' },
129 silly resolved     license: 'MIT',
129 silly resolved     files: [ 'cli.js', 'lib/', 'templates/', 'verbfile.js', 'plugins/' ],
129 silly resolved     main: 'index.js',
129 silly resolved     preferGlobal: true,
129 silly resolved     bin: { update: './cli.js' },
129 silly resolved     engines: { node: '>=0.10.0' },
129 silly resolved     scripts: { test: 'mocha' },
129 silly resolved     dependencies:
129 silly resolved      { 'arr-diff': '^1.0.1',
129 silly resolved        'array-intersection': '^0.1.1',
129 silly resolved        'array-unique': '^0.1.1',
129 silly resolved        chalk: '^1.0.0',
129 silly resolved        del: '^1.1.1',
129 silly resolved        'export-files': '^1.1.0',
129 silly resolved        glob: '^4.4.1',
129 silly resolved        'gray-matter': '^1.2.5',
129 silly resolved        'gulp-util': '^3.0.4',
129 silly resolved        'has-banner': '^0.2.0',
129 silly resolved        'kind-of': '^1.1.0',
129 silly resolved        'log-symbols': '^1.0.2',
129 silly resolved        'merge-deep': '^1.0.1',
129 silly resolved        micromatch: '^1.4.2',
129 silly resolved        'parse-copyright': '^0.4.0',
129 silly resolved        'requires-regex': '^0.2.0',
129 silly resolved        'sort-object': '^1.0.0',
129 silly resolved        through2: '^0.6.3',
129 silly resolved        'update-banner': '^0.1.1',
129 silly resolved        'update-license': '^0.3.0',
129 silly resolved        'update-package': '^0.2.0',
129 silly resolved        verb: '^0.6.1' },
129 silly resolved     keywords: [ 'javascript', 'keys', 'object', 'sort' ],
129 silly resolved     gitHead: '20af38473d5630c5b725a34f041df0aabf050935',
129 silly resolved     _id: 'update@0.3.6',
129 silly resolved     _shasum: '11bcae2d5fe3413a5dd0910f424d6310e50c99e8',
129 silly resolved     _from: 'update@',
129 silly resolved     _npmVersion: '2.5.1',
129 silly resolved     _nodeVersion: '0.12.0',
129 silly resolved     _npmUser: { name: 'jonschlinkert', email: 'github@sellside.com' },
129 silly resolved     maintainers: [ [Object] ],
129 silly resolved     dist:
129 silly resolved      { shasum: '11bcae2d5fe3413a5dd0910f424d6310e50c99e8',
129 silly resolved        tarball: 'http://registry.npmjs.org/update/-/update-0.3.6.tgz' },
129 silly resolved     directories: {},
129 silly resolved     _resolved: 'https://registry.npmjs.org/update/-/update-0.3.6.tgz' },
129 silly resolved   { name: 'to',
129 silly resolved     description: 'load/convert between xml,json,yaml formats',
129 silly resolved     homepage: 'https://github.com/openmason/to',
129 silly resolved     version: '0.2.9',
129 silly resolved     author: { name: 'el aras', email: 'openmason@gmail.com' },
129 silly resolved     dependencies:
129 silly resolved      { handy: '>= 0.0.11',
129 silly resolved        underscore: '>= 1.4.0',
129 silly resolved        'js-yaml': '>= 1.0.2',
129 silly resolved        htmlparser: '>= 1.7.6',
129 silly resolved        optimist: '>= 0.3.5' },
129 silly resolved     devDependencies: { mocha: '>= 1.6.0', should: '>= 1.2.0' },
129 silly resolved     keywords: [ 'converter', 'convertor', 'json', 'xml', 'yaml' ],
129 silly resolved     repository: { type: 'git', url: 'git://github.com/openmason/to' },
129 silly resolved     main: 'index',
129 silly resolved     scripts: { prepublish: 'npm prune', test: 'make test' },
129 silly resolved     engines: { node: '>= 0.8.0' },
129 silly resolved     readme: '[![build status](https://secure.travis-ci.org/openmason/to.png)](http://travis-ci.org/openmason/to)\n\n# to.js\ncollection of convertors.\nComes with command line options to use the convertors along with a library version that can be used within programs as well.\n\n# Solves\n  * read input formats json, xml, yaml \n  * converts the document to internal javascript object form\n  * write output as json, yaml documents\n  * only input xml is handled (no output xml yet)\n\n## Installation\n\n    $ npm install -g to\n    $ npm install to\n\n## Usage\n\nCommand line:\n\n     # reads xml file and prints it in yml\n     $ to -i examples/sample.xml -o .yaml\n     \n     # reads yaml and prints it in json\n     $ to -i examples/sample.yml -o .json\n\nWithin your program:\n\n    var to = require(\'to\');\n    \n    # Load yaml\n    var yamldoc = to.format.yaml.load(\'config.yaml\');\n    \n    # print doc in yaml \n    var doc = ...;\n    console.log(to.format.yaml.stringify(doc));\n\n * refer to examples directory for xml, json, yaml code\n\n## Example\nFor a sample input xml:\n\n    <?xml version="1.0" encoding="UTF-8" ?>\n    <!DOCTYPE log4j:configuration SYSTEM "log4j.dtd">    \n    <dummy>\n    <value>15</value>\n    <value>35</value>\n    <value>5</value>\n    <value>4784</value>\n    <value>one more</value>\n    <h>decent</h>\n    <h>list</h>\n    <h>another</h>\n    <object>value</object>\n    <inner>\n      <h1>value</h1>\n      <li>got</li>\n      <li>milk</li>\n    </inner>\n   </dummy>\n\nOutput in json:\n\n    {\n      "dummy": {\n        "value": [\n          "15",\n          "35",\n          "5",\n          "4784",\n          "one more"\n        ],\n        "h": [\n          "decent",\n          "list",\n          "another"\n        ],\n        "object": "value",\n        "inner": {\n          "h1": "value",\n          "li": [\n            "got",\n            "milk"\n          ]\n        }\n      }\n    }\n    \n    # to try this example\n    $ to -i examples/sample1.xml -o .json\n\nOutput in yaml:\n\n    dummy: \n      value: \n        - 15\n        - 35\n        - 5\n        - 4784\n        - "one more"\n      h: \n        - decent\n        - list\n        - another\n      object: value\n      inner: \n        h1: value\n        li: \n          - got\n          - milk\n\n    # to try this example\n    $ to -i examples/sample1.xml -o .yaml\n\n## Todo\n * Input html (be forgiving with bad html)\n * Input markdown \n * Output xml\n * Output html\n * add unit tests\n * allow beautification params for all outputs \n\n## Test cases\nTo execute full test cases\n\n    $ make\n\n',
129 silly resolved     _id: 'to@0.2.9',
129 silly resolved     dist:
129 silly resolved      { shasum: '0ba5a56fe53538db9205ceb6d7ed217aae4635c4',
129 silly resolved        tarball: 'http://registry.npmjs.org/to/-/to-0.2.9.tgz' },
129 silly resolved     maintainers: [ [Object], [Object] ],
129 silly resolved     directories: {},
129 silly resolved     _shasum: '0ba5a56fe53538db9205ceb6d7ed217aae4635c4',
129 silly resolved     _from: 'to@',
129 silly resolved     _resolved: 'https://registry.npmjs.org/to/-/to-0.2.9.tgz' },
129 silly resolved   { name: 'ionic',
129 silly resolved     version: '1.6.4',
129 silly resolved     preferGlobal: true,
129 silly resolved     description: 'A tool for creating and developing Ionic Framework mobile apps.',
129 silly resolved     homepage: 'http://ionicframework.com/',
129 silly resolved     bin: { ionic: 'bin/ionic' },
129 silly resolved     scripts:
129 silly resolved      { bump: 'node lib/tasks/bumpversion',
129 silly resolved        'beta-bump': 'node lib/tasks/bumpversion --level pre --identifier beta',
129 silly resolved        'publish-release': 'node lib/tasks/bumpversion --npmPublish',
129 silly resolved        'publish-tag': 'node lib/tasks/bumpversion --level beta --npmPublishTag',
129 silly resolved        'full-release': 'node lib/tasks/bumpversion --npmInstall --git --npmPublish',
129 silly resolved        test: 'npm run jasmine',
129 silly resolved        e2e: 'jasmine-node --captureExceptions ./e2e',
129 silly resolved        jasmine: 'jasmine-node --captureExceptions  ./spec' },
129 silly resolved     keywords:
129 silly resolved      [ 'ionic',
129 silly resolved        'ionic framework',
129 silly resolved        'ionicframework',
129 silly resolved        'mobile',
129 silly resolved        'app',
129 silly resolved        'hybrid',
129 silly resolved        'cordova',
129 silly resolved        'phonegap' ],
129 silly resolved     repository:
129 silly resolved      { type: 'git',
129 silly resolved        url: 'git+https://github.com/driftyco/ionic-cli.git' },
129 silly resolved     contributors: [ [Object], [Object], [Object], [Object] ],
129 silly resolved     license: 'MIT',
129 silly resolved     dependencies:
129 silly resolved      { async: '^0.9.0',
129 silly resolved        cheerio: '^0.19.0',
129 silly resolved        'cli-table': '^0.3.1',
129 silly resolved        colors: '0.6.2',
129 silly resolved        connect: '3.1.1',
129 silly resolved        'connect-livereload': '0.5.2',
129 silly resolved        crc: '3.2.1',
129 silly resolved        'cross-spawn': '0.2.3',
129 silly resolved        'event-stream': '3.0.x',
129 silly resolved        finalhandler: '0.2.0',
129 silly resolved        'form-data': '0.1.4',
129 silly resolved        gulp: '3.8.8',
129 silly resolved        'ionic-app-lib': '0.3.8',
129 silly resolved        ncp: '0.4.2',
129 silly resolved        npm: '2.1.3',
129 silly resolved        'opbeat-ionic': '^1.1.3',
129 silly resolved        open: '0.0.5',
129 silly resolved        optimist: '0.6.0',
129 silly resolved        progress: '1.1.7',
129 silly resolved        prompt: '0.2.12',
129 silly resolved        'proxy-middleware': '^0.7.0',
129 silly resolved        q: '1.0.1',
129 silly resolved        request: '2.51.0',
129 silly resolved        semver: '^4.2.0',
129 silly resolved        'serve-static': '1.7.1',
129 silly resolved        shelljs: '0.2.6',
129 silly resolved        'tiny-lr-fork': '0.0.5',
129 silly resolved        underscore: '~1.7.0',
129 silly resolved        unzip: '0.1.9',
129 silly resolved        'vinyl-fs': '0.3.7',
129 silly resolved        xml2js: '0.4.4' },
129 silly resolved     devDependencies: { 'jasmine-node': '^1.14.5' },
129 silly resolved     gitHead: 'd43af1c933e81dc62cd9e0d752a41f827c85bd7f',
129 silly resolved     bugs: { url: 'https://github.com/driftyco/ionic-cli/issues' },
129 silly resolved     _id: 'ionic@1.6.4',
129 silly resolved     _shasum: '2c0cd94c4316cab206796e44fe67565bf4b883a0',
129 silly resolved     _from: 'ionic@',
129 silly resolved     _npmVersion: '2.12.0',
129 silly resolved     _nodeVersion: '0.10.38',
129 silly resolved     _npmUser: { name: 'ericb', email: 'eric@hellouser.net' },
129 silly resolved     dist:
129 silly resolved      { shasum: '2c0cd94c4316cab206796e44fe67565bf4b883a0',
129 silly resolved        tarball: 'http://registry.npmjs.org/ionic/-/ionic-1.6.4.tgz' },
129 silly resolved     maintainers: [ [Object], [Object], [Object], [Object] ],
129 silly resolved     directories: {},
129 silly resolved     _resolved: 'https://registry.npmjs.org/ionic/-/ionic-1.6.4.tgz' } ]
130 info install update@0.3.6 into /usr/local/lib
131 info install to@0.2.9 into /usr/local/lib
132 info install ionic@1.6.4 into /usr/local/lib
133 info installOne update@0.3.6
134 info installOne to@0.2.9
135 info installOne ionic@1.6.4
136 verbose lib/node_modules/update unbuild
137 verbose lib/node_modules/to unbuild
138 verbose lib/node_modules/ionic unbuild
139 verbose tar unpack /Users/christianm/.npm/update/0.3.6/package.tgz
140 silly lockFile 3dadf09e-sr-local-lib-node-modules-update tar:///usr/local/lib/node_modules/update
141 verbose lock tar:///usr/local/lib/node_modules/update /Users/christianm/.npm/3dadf09e-sr-local-lib-node-modules-update.lock
142 silly lockFile faae7534-anm-npm-update-0-3-6-package-tgz tar:///Users/christianm/.npm/update/0.3.6/package.tgz
143 verbose lock tar:///Users/christianm/.npm/update/0.3.6/package.tgz /Users/christianm/.npm/faae7534-anm-npm-update-0-3-6-package-tgz.lock
144 verbose tar unpack /Users/christianm/.npm/to/0.2.9/package.tgz
145 silly lockFile 75643bb7-ar-usr-local-lib-node-modules-to tar:///usr/local/lib/node_modules/to
146 verbose lock tar:///usr/local/lib/node_modules/to /Users/christianm/.npm/75643bb7-ar-usr-local-lib-node-modules-to.lock
147 silly lockFile 0bb87ea5-istianm-npm-to-0-2-9-package-tgz tar:///Users/christianm/.npm/to/0.2.9/package.tgz
148 verbose lock tar:///Users/christianm/.npm/to/0.2.9/package.tgz /Users/christianm/.npm/0bb87ea5-istianm-npm-to-0-2-9-package-tgz.lock
149 silly gunzTarPerm modes [ '755', '644' ]
150 info preuninstall ionic@1.6.1
151 silly gunzTarPerm modes [ '755', '644' ]
152 info uninstall ionic@1.6.1
153 verbose true,/usr/local/lib/node_modules,/usr/local/lib/node_modules unbuild ionic@1.6.1
154 verbose /usr/local/bin,[object Object] binRoot
155 error Error: EACCES, mkdir '/usr/local/lib/node_modules/update'
155 error  { [Error: EACCES, mkdir '/usr/local/lib/node_modules/update']
155 error   errno: 3,
155 error   code: 'EACCES',
155 error   path: '/usr/local/lib/node_modules/update',
155 error   fstream_type: 'Directory',
155 error   fstream_path: '/usr/local/lib/node_modules/update',
155 error   fstream_class: 'DirWriter',
155 error   fstream_stack:
155 error    [ '/usr/local/lib/node_modules/npm/node_modules/fstream/lib/dir-writer.js:36:23',
155 error      '/usr/local/lib/node_modules/npm/node_modules/mkdirp/index.js:46:53',
155 error      'Object.oncomplete (fs.js:107:15)' ] }
156 error Please try running this command again as root/Administrator.
157 error System Darwin 14.0.0
158 error command "node" "/usr/local/bin/npm" "install" "-g" "ionic" "to" "update"
159 error cwd /Users/christianm/Documents/Conducen/git/Conducen
160 error node -v v0.10.33
161 error npm -v 1.4.28
162 error path /usr/local/lib/node_modules/update
163 error fstream_path /usr/local/lib/node_modules/update
164 error fstream_type Directory
165 error fstream_class DirWriter
166 error code EACCES
167 error errno 3
168 error stack Error: EACCES, mkdir '/usr/local/lib/node_modules/update'
169 error fstream_stack /usr/local/lib/node_modules/npm/node_modules/fstream/lib/dir-writer.js:36:23
169 error fstream_stack /usr/local/lib/node_modules/npm/node_modules/mkdirp/index.js:46:53
169 error fstream_stack Object.oncomplete (fs.js:107:15)
170 verbose exit [ 3, true ]
